
FileVersion:        2

ResolutionOfTime:   Volumes

Experiment:         PoLiS_ADT_postNov2014

BackgroundColor:    0 0 0
TextColor:          255 255 255
TimeCourseColor:    255 255 255
TimeCourseThick:    3
ReferenceFuncColor: 0 0 80
ReferenceFuncThick: 3

NrOfConditions:     3

Rest
9
   1    2
  13   16
  27   30
  41   44
  55   58
  69   72
  83   86
  97  100
 111  114
Color: 195 195 195

Reverse
4
   3   12
  45   54
  59   68
 101  110
Color: 75 255 165

Forward
4
  17   26
  31   40
  73   82
  87   96
Color: 40 150 255
