
FileVersion:        2

ResolutionOfTime:   Volumes

Experiment:         Prosody_1

BackgroundColor:    0 0 0
TextColor:          255 255 255
TimeCourseColor:    255 255 255
TimeCourseThick:    3
ReferenceFuncColor: 0 0 80
ReferenceFuncThick: 3

NrOfConditions:     4

Rest
9
   1    1
  11   13
  23   25
  35   37
  47   49
  59   61
  71   73
  83   85
  95   98
Color: 195 195 195

Ctrl
4
   3   10
  27   34
  51   58
  75   82
Color: 75 255 165

Emot
4
  15   22
  39   46
  63   70
  87   94
Color: 40 150 255

Instr
8
   2    2
  14   14
  26   26
  38   38
  50   50
  62   62
  74   74
  86   86
Color: 68 84 107
